#
# There is insufficient memory for the Java Runtime Environment to continue.
# Native memory allocation (malloc) failed to allocate 1880176 bytes for Chunk::new
# Possible reasons:
#   The system is out of physical RAM or swap space
#   In 32 bit mode, the process size limit was hit
# Possible solutions:
#   Reduce memory load on the system
#   Increase physical memory or swap space
#   Check if swap backing store is full
#   Use 64 bit Java on a 64 bit OS
#   Decrease Java heap size (-Xmx/-Xms)
#   Decrease number of Java threads
#   Decrease Java thread stack sizes (-Xss)
#   Set larger code cache with -XX:ReservedCodeCacheSize=
# This output file may be truncated or incomplete.
#
#  Out of Memory Error (allocation.cpp:390), pid=6380, tid=0x0000000000000cd8
#
# JRE version: Java(TM) SE Runtime Environment (8.0_181-b13) (build 1.8.0_181-b13)
# Java VM: Java HotSpot(TM) 64-Bit Server VM (25.181-b13 mixed mode windows-amd64 compressed oops)
# Failed to write core dump. Minidumps are not enabled by default on client versions of Windows
#

---------------  T H R E A D  ---------------

Current thread (0x000000001568c000):  JavaThread "C2 CompilerThread0" daemon [_thread_in_native, id=3288, stack(0x00000000170a0000,0x00000000171a0000)]

Stack: [0x00000000170a0000,0x00000000171a0000]
[error occurred during error reporting (printing stack bounds), id 0xc0000005]

Native frames: (J=compiled Java code, j=interpreted, Vv=VM code, C=native code)


Current CompileTask:
C2: 214673 3732   !   4       javafx.scene.CssStyleHelper::transitionToState (1075 bytes)


---------------  P R O C E S S  ---------------

Java Threads: ( => current thread )
  0x0000000017a6c000 JavaThread "Prism Font Disposer" daemon [_thread_blocked, id=11092, stack(0x000000001bfa0000,0x000000001c0a0000)]
  0x0000000017674800 JavaThread "Thread-3" daemon [_thread_in_native, id=2372, stack(0x0000000019dc0000,0x0000000019ec0000)]
  0x0000000017679800 JavaThread "JavaFX-Launcher" [_thread_blocked, id=10348, stack(0x0000000019ec0000,0x0000000019fc0000)]
  0x0000000017639800 JavaThread "JavaFX Application Thread" [_thread_in_native, id=7624, stack(0x0000000018560000,0x0000000018660000)]
  0x00000000175f3000 JavaThread "Thread-1" daemon [_thread_blocked, id=10620, stack(0x0000000018460000,0x0000000018560000)]
  0x00000000175d4800 JavaThread "QuantumRenderer-0" daemon [_thread_in_native, id=6052, stack(0x0000000017da0000,0x0000000017ea0000)]
  0x0000000016c76800 JavaThread "Service Thread" daemon [_thread_blocked, id=6008, stack(0x00000000173a0000,0x00000000174a0000)]
  0x0000000015690800 JavaThread "C1 CompilerThread2" daemon [_thread_blocked, id=7448, stack(0x00000000172a0000,0x00000000173a0000)]
  0x0000000015690000 JavaThread "C2 CompilerThread1" daemon [_thread_in_native, id=11108, stack(0x00000000171a0000,0x00000000172a0000)]
=>0x000000001568c000 JavaThread "C2 CompilerThread0" daemon [_thread_in_native, id=3288, stack(0x00000000170a0000,0x00000000171a0000)]
  0x0000000015678800 JavaThread "Monitor Ctrl-Break" daemon [_thread_in_native, id=9280, stack(0x0000000016fa0000,0x00000000170a0000)]
  0x0000000015645800 JavaThread "Attach Listener" daemon [_thread_blocked, id=10452, stack(0x0000000016aa0000,0x0000000016ba0000)]
  0x000000001564b800 JavaThread "Signal Dispatcher" daemon [_thread_blocked, id=10996, stack(0x00000000169a0000,0x0000000016aa0000)]
  0x000000000304c000 JavaThread "Finalizer" daemon [_thread_blocked, id=11216, stack(0x00000000168a0000,0x00000000169a0000)]
  0x0000000003043000 JavaThread "Reference Handler" daemon [_thread_blocked, id=32, stack(0x00000000167a0000,0x00000000168a0000)]
  0x0000000002f53000 JavaThread "main" [_thread_blocked, id=6252, stack(0x0000000002c50000,0x0000000002d50000)]

Other Threads:
  0x0000000015607800 VMThread [stack: 0x00000000166a0000,0x00000000167a0000] [id=10924]
  0x0000000016c94800 WatcherThread [stack: 0x00000000174a0000,0x00000000175a0000] [id=8664]

VM state:not at safepoint (normal execution)

VM Mutex/Monitor currently owned by a thread: None

Heap:
 PSYoungGen      total 18944K, used 12251K [0x00000000eb300000, 0x00000000ec800000, 0x0000000100000000)
  eden space 16384K, 59% used [0x00000000eb300000,0x00000000ebc7edc0,0x00000000ec300000)
  from space 2560K, 98% used [0x00000000ec580000,0x00000000ec7f8030,0x00000000ec800000)
  to   space 2560K, 0% used [0x00000000ec300000,0x00000000ec300000,0x00000000ec580000)
 ParOldGen       total 44032K, used 7234K [0x00000000c1800000, 0x00000000c4300000, 0x00000000eb300000)
  object space 44032K, 16% used [0x00000000c1800000,0x00000000c1f10b20,0x00000000c4300000)
 Metaspace       used 19932K, capacity 21110K, committed 21248K, reserved 1067008K
  class space    used 2739K, capacity 2978K, committed 3072K, reserved 1048576K

Card table byte_map: [0x0000000012410000,0x0000000012610000] byte_map_base: 0x0000000011e04000

Marking Bits: (ParMarkBitMap*) 0x000000005f552d00
 Begin Bits: [0x0000000012b60000, 0x0000000013b00000)
 End Bits:   [0x0000000013b00000, 0x0000000014aa0000)

Polling page: 0x0000000002ad0000

CodeCache: size=245760Kb used=12097Kb max_used=12119Kb free=233663Kb
 bounds [0x0000000003050000, 0x0000000003c50000, 0x0000000012050000]
 total_blobs=4320 nmethods=3652 adapters=580
 compilation: enabled

Compilation events (10 events):
Event: 214.525 Thread 0x0000000015690800 3758       3       javafx.scene.control.Control::computePrefHeight (51 bytes)
Event: 214.526 Thread 0x0000000015690800 nmethod 3758 0x00000000031646d0 code [0x0000000003164880, 0x0000000003164fc8]
Event: 214.533 Thread 0x0000000015690800 3760       3       com.sun.javafx.sg.prism.NGNode::clearDirtyTree (84 bytes)
Event: 214.534 Thread 0x0000000015690800 nmethod 3760 0x00000000032a5610 code [0x00000000032a5800, 0x00000000032a6368]
Event: 214.534 Thread 0x0000000015690800 3761       3       java.util.concurrent.locks.AbstractQueuedSynchronizer$ConditionObject::addConditionWaiter (64 bytes)
Event: 214.536 Thread 0x0000000015690800 nmethod 3761 0x00000000032bffd0 code [0x00000000032c0160, 0x00000000032c0588]
Event: 214.536 Thread 0x0000000015690800 3762       3       java.util.concurrent.locks.AbstractQueuedSynchronizer$Node::<init> (15 bytes)
Event: 214.536 Thread 0x0000000015690800 nmethod 3762 0x00000000032ac050 code [0x00000000032ac1a0, 0x00000000032ac370]
Event: 214.536 Thread 0x0000000015690800 3763   !   3       java.util.concurrent.locks.AbstractQueuedSynchronizer::fullyRelease (54 bytes)
Event: 214.536 Thread 0x0000000015690800 nmethod 3763 0x00000000032f8b90 code [0x00000000032f8d40, 0x00000000032f9328]

GC Heap History (8 events):
Event: 0.817 GC heap before
{Heap before GC invocations=1 (full 0):
 PSYoungGen      total 18944K, used 16384K [0x00000000eb300000, 0x00000000ec800000, 0x0000000100000000)
  eden space 16384K, 100% used [0x00000000eb300000,0x00000000ec300000,0x00000000ec300000)
  from space 2560K, 0% used [0x00000000ec580000,0x00000000ec580000,0x00000000ec800000)
  to   space 2560K, 0% used [0x00000000ec300000,0x00000000ec300000,0x00000000ec580000)
 ParOldGen       total 44032K, used 0K [0x00000000c1800000, 0x00000000c4300000, 0x00000000eb300000)
  object space 44032K, 0% used [0x00000000c1800000,0x00000000c1800000,0x00000000c4300000)
 Metaspace       used 8914K, capacity 9302K, committed 9472K, reserved 1056768K
  class space    used 1086K, capacity 1197K, committed 1280K, reserved 1048576K
Event: 0.819 GC heap after
Heap after GC invocations=1 (full 0):
 PSYoungGen      total 18944K, used 1824K [0x00000000eb300000, 0x00000000ec800000, 0x0000000100000000)
  eden space 16384K, 0% used [0x00000000eb300000,0x00000000eb300000,0x00000000ec300000)
  from space 2560K, 71% used [0x00000000ec300000,0x00000000ec4c8040,0x00000000ec580000)
  to   space 2560K, 0% used [0x00000000ec580000,0x00000000ec580000,0x00000000ec800000)
 ParOldGen       total 44032K, used 72K [0x00000000c1800000, 0x00000000c4300000, 0x00000000eb300000)
  object space 44032K, 0% used [0x00000000c1800000,0x00000000c1812010,0x00000000c4300000)
 Metaspace       used 8914K, capacity 9302K, committed 9472K, reserved 1056768K
  class space    used 1086K, capacity 1197K, committed 1280K, reserved 1048576K
}
Event: 38.256 GC heap before
{Heap before GC invocations=2 (full 0):
 PSYoungGen      total 18944K, used 18208K [0x00000000eb300000, 0x00000000ec800000, 0x0000000100000000)
  eden space 16384K, 100% used [0x00000000eb300000,0x00000000ec300000,0x00000000ec300000)
  from space 2560K, 71% used [0x00000000ec300000,0x00000000ec4c8040,0x00000000ec580000)
  to   space 2560K, 0% used [0x00000000ec580000,0x00000000ec580000,0x00000000ec800000)
 ParOldGen       total 44032K, used 72K [0x00000000c1800000, 0x00000000c4300000, 0x00000000eb300000)
  object space 44032K, 0% used [0x00000000c1800000,0x00000000c1812010,0x00000000c4300000)
 Metaspace       used 13230K, capacity 13820K, committed 13952K, reserved 1060864K
  class space    used 1765K, capacity 1883K, committed 1920K, reserved 1048576K
Event: 38.262 GC heap after
Heap after GC invocations=2 (full 0):
 PSYoungGen      total 18944K, used 2528K [0x00000000eb300000, 0x00000000ec800000, 0x0000000100000000)
  eden space 16384K, 0% used [0x00000000eb300000,0x00000000eb300000,0x00000000ec300000)
  from space 2560K, 98% used [0x00000000ec580000,0x00000000ec7f8040,0x00000000ec800000)
  to   space 2560K, 0% used [0x00000000ec300000,0x00000000ec300000,0x00000000ec580000)
 ParOldGen       total 44032K, used 1688K [0x00000000c1800000, 0x00000000c4300000, 0x00000000eb300000)
  object space 44032K, 3% used [0x00000000c1800000,0x00000000c19a6010,0x00000000c4300000)
 Metaspace       used 13230K, capacity 13820K, committed 13952K, reserved 1060864K
  class space    used 1765K, capacity 1883K, committed 1920K, reserved 1048576K
}
Event: 39.557 GC heap before
{Heap before GC invocations=3 (full 0):
 PSYoungGen      total 18944K, used 18912K [0x00000000eb300000, 0x00000000ec800000, 0x0000000100000000)
  eden space 16384K, 100% used [0x00000000eb300000,0x00000000ec300000,0x00000000ec300000)
  from space 2560K, 98% used [0x00000000ec580000,0x00000000ec7f8040,0x00000000ec800000)
  to   space 2560K, 0% used [0x00000000ec300000,0x00000000ec300000,0x00000000ec580000)
 ParOldGen       total 44032K, used 1688K [0x00000000c1800000, 0x00000000c4300000, 0x00000000eb300000)
  object space 44032K, 3% used [0x00000000c1800000,0x00000000c19a6010,0x00000000c4300000)
 Metaspace       used 17520K, capacity 18622K, committed 18688K, reserved 1064960K
  class space    used 2557K, capacity 2796K, committed 2816K, reserved 1048576K
Event: 39.564 GC heap after
Heap after GC invocations=3 (full 0):
 PSYoungGen      total 18944K, used 2544K [0x00000000eb300000, 0x00000000ec800000, 0x0000000100000000)
  eden space 16384K, 0% used [0x00000000eb300000,0x00000000eb300000,0x00000000ec300000)
  from space 2560K, 99% used [0x00000000ec300000,0x00000000ec57c030,0x00000000ec580000)
  to   space 2560K, 0% used [0x00000000ec580000,0x00000000ec580000,0x00000000ec800000)
 ParOldGen       total 44032K, used 3072K [0x00000000c1800000, 0x00000000c4300000, 0x00000000eb300000)
  object space 44032K, 6% used [0x00000000c1800000,0x00000000c1b00060,0x00000000c4300000)
 Metaspace       used 17520K, capacity 18622K, committed 18688K, reserved 1064960K
  class space    used 2557K, capacity 2796K, committed 2816K, reserved 1048576K
}
Event: 169.787 GC heap before
{Heap before GC invocations=4 (full 0):
 PSYoungGen      total 18944K, used 18928K [0x00000000eb300000, 0x00000000ec800000, 0x0000000100000000)
  eden space 16384K, 100% used [0x00000000eb300000,0x00000000ec300000,0x00000000ec300000)
  from space 2560K, 99% used [0x00000000ec300000,0x00000000ec57c030,0x00000000ec580000)
  to   space 2560K, 0% used [0x00000000ec580000,0x00000000ec580000,0x00000000ec800000)
 ParOldGen       total 44032K, used 3072K [0x00000000c1800000, 0x00000000c4300000, 0x00000000eb300000)
  object space 44032K, 6% used [0x00000000c1800000,0x00000000c1b00060,0x00000000c4300000)
 Metaspace       used 19687K, capacity 20846K, committed 20992K, reserved 1067008K
  class space    used 2739K, capacity 2978K, committed 3072K, reserved 1048576K
Event: 169.796 GC heap after
Heap after GC invocations=4 (full 0):
 PSYoungGen      total 18944K, used 2528K [0x00000000eb300000, 0x00000000ec800000, 0x0000000100000000)
  eden space 16384K, 0% used [0x00000000eb300000,0x00000000eb300000,0x00000000ec300000)
  from space 2560K, 98% used [0x00000000ec580000,0x00000000ec7f8030,0x00000000ec800000)
  to   space 2560K, 0% used [0x00000000ec300000,0x00000000ec300000,0x00000000ec580000)
 ParOldGen       total 44032K, used 7234K [0x00000000c1800000, 0x00000000c4300000, 0x00000000eb300000)
  object space 44032K, 16% used [0x00000000c1800000,0x00000000c1f10b20,0x00000000c4300000)
 Metaspace       used 19687K, capacity 20846K, committed 20992K, reserved 1067008K
  class space    used 2739K, capacity 2978K, committed 3072K, reserved 1048576K
}

Deoptimization events (10 events):
Event: 173.918 Thread 0x00000000175d4800 Uncommon trap: reason=unstable_if action=reinterpret pc=0x0000000003b91324 method=com.sun.scenario.effect.impl.ImagePool.checkOut(Lcom/sun/scenario/effect/impl/Renderer;II)Lcom/sun/scenario/effect/impl/PoolFilterable; @ 260
Event: 213.885 Thread 0x0000000017639800 Uncommon trap: reason=class_check action=maybe_recompile pc=0x0000000003b082fc method=javafx.scene.CssStyleHelper.getCachedFont(Ljavafx/css/Styleable;)Lcom/sun/javafx/css/CalculatedValue; @ 37
Event: 213.886 Thread 0x0000000017639800 Uncommon trap: reason=class_check action=maybe_recompile pc=0x0000000003b082fc method=javafx.scene.CssStyleHelper.getCachedFont(Ljavafx/css/Styleable;)Lcom/sun/javafx/css/CalculatedValue; @ 37
Event: 213.887 Thread 0x0000000017639800 Uncommon trap: reason=class_check action=maybe_recompile pc=0x0000000003b082fc method=javafx.scene.CssStyleHelper.getCachedFont(Ljavafx/css/Styleable;)Lcom/sun/javafx/css/CalculatedValue; @ 37
Event: 213.887 Thread 0x0000000017639800 Uncommon trap: reason=class_check action=maybe_recompile pc=0x0000000003b082fc method=javafx.scene.CssStyleHelper.getCachedFont(Ljavafx/css/Styleable;)Lcom/sun/javafx/css/CalculatedValue; @ 37
Event: 213.890 Thread 0x0000000017639800 Uncommon trap: reason=unstable_if action=reinterpret pc=0x0000000003a1c7e4 method=javafx.scene.Node.updateBounds()V @ 47
Event: 213.891 Thread 0x0000000017639800 Uncommon trap: reason=class_check action=maybe_recompile pc=0x00000000038b1758 method=javafx.scene.Node.updateLocalToParentTransform()V @ 11
Event: 213.891 Thread 0x0000000017639800 Uncommon trap: reason=class_check action=maybe_recompile pc=0x00000000038b1758 method=javafx.scene.Node.updateLocalToParentTransform()V @ 11
Event: 213.891 Thread 0x0000000017639800 Uncommon trap: reason=class_check action=maybe_recompile pc=0x00000000038b1758 method=javafx.scene.Node.updateLocalToParentTransform()V @ 11
Event: 213.891 Thread 0x0000000017639800 Uncommon trap: reason=class_check action=maybe_recompile pc=0x00000000038b1758 method=javafx.scene.Node.updateLocalToParentTransform()V @ 11

Classes redefined (0 events):
No events

Internal exceptions (10 events):
Event: 38.209 Thread 0x0000000017639800 Exception <a 'java/io/FileNotFoundException'> (0x00000000ec105800) thrown at [C:\re\workspace\8-2-build-windows-amd64-cygwin\jdk8u181\11358\hotspot\src\share\vm\prims\jni.cpp, line 709]
Event: 38.219 Thread 0x0000000017639800 Exception <a 'java/io/FileNotFoundException'> (0x00000000ec15c238) thrown at [C:\re\workspace\8-2-build-windows-amd64-cygwin\jdk8u181\11358\hotspot\src\share\vm\prims\jni.cpp, line 709]
Event: 38.229 Thread 0x0000000017639800 Exception <a 'java/io/FileNotFoundException'> (0x00000000ec1b2af0) thrown at [C:\re\workspace\8-2-build-windows-amd64-cygwin\jdk8u181\11358\hotspot\src\share\vm\prims\jni.cpp, line 709]
Event: 38.235 Thread 0x0000000017639800 Exception <a 'java/io/FileNotFoundException'> (0x00000000ec20b248) thrown at [C:\re\workspace\8-2-build-windows-amd64-cygwin\jdk8u181\11358\hotspot\src\share\vm\prims\jni.cpp, line 709]
Event: 38.408 Thread 0x0000000017639800 Implicit null exception at 0x000000000334e635 to 0x000000000334e84d
Event: 38.408 Thread 0x0000000017639800 Implicit null exception at 0x00000000033d73bb to 0x00000000033d7a09
Event: 38.472 Thread 0x0000000017639800 Exception <a 'java/io/FileNotFoundException'> (0x00000000eb4665a0) thrown at [C:\re\workspace\8-2-build-windows-amd64-cygwin\jdk8u181\11358\hotspot\src\share\vm\prims\jni.cpp, line 709]
Event: 38.488 Thread 0x0000000017639800 Exception <a 'java/io/FileNotFoundException'> (0x00000000eb4d5838) thrown at [C:\re\workspace\8-2-build-windows-amd64-cygwin\jdk8u181\11358\hotspot\src\share\vm\prims\jni.cpp, line 709]
Event: 39.304 Thread 0x0000000017639800 Exception <a 'java/io/FileNotFoundException'> (0x00000000ebdd3240) thrown at [C:\re\workspace\8-2-build-windows-amd64-cygwin\jdk8u181\11358\hotspot\src\share\vm\prims\jni.cpp, line 709]
Event: 39.880 Thread 0x0000000017639800 Implicit null exception at 0x000000000365e317 to 0x000000000365ea19

Events (10 events):
Event: 213.894 Thread 0x0000000015690800 flushing nmethod 0x0000000003339810
Event: 213.894 Thread 0x0000000015690800 flushing nmethod 0x000000000333b610
Event: 213.894 Thread 0x0000000015690800 flushing nmethod 0x000000000333ce50
Event: 213.894 Thread 0x0000000015690800 flushing nmethod 0x0000000003343f50
Event: 213.894 Thread 0x0000000015690800 flushing nmethod 0x000000000334e490
Event: 213.894 Thread 0x0000000015690800 flushing nmethod 0x00000000033505d0
Event: 213.894 Thread 0x0000000015690800 flushing nmethod 0x000000000336e090
Event: 213.894 Thread 0x0000000015690800 flushing nmethod 0x000000000336f3d0
Event: 213.894 Thread 0x0000000015690800 flushing nmethod 0x00000000033a6250
Event: 213.894 Thread 0x0000000015690800 flushing nmethod 0x00000000033d71d0


Dynamic libraries:
0x00007ff6548f0000 - 0x00007ff654927000 	C:\Program Files\Java\jdk1.8.0_181\bin\java.exe
0x00007ff90d300000 - 0x00007ff90d4ad000 	C:\Windows\SYSTEM32\ntdll.dll
0x00007ff90ce60000 - 0x00007ff90cf9a000 	C:\Windows\system32\KERNEL32.DLL
0x00007ff90a8a0000 - 0x00007ff90a9b6000 	C:\Windows\system32\KERNELBASE.dll
0x00007ff909050000 - 0x00007ff9090de000 	C:\Windows\system32\apphelp.dll
0x00007ff9035f0000 - 0x00007ff903644000 	C:\Windows\AppPatch\AppPatch64\AcGenral.DLL
0x00007ff90cfa0000 - 0x00007ff90d047000 	C:\Windows\system32\msvcrt.dll
0x00007ff90a630000 - 0x00007ff90a65e000 	C:\Windows\system32\SspiCli.dll
0x00007ff90b4e0000 - 0x00007ff90b531000 	C:\Windows\system32\SHLWAPI.dll
0x00007ff90d180000 - 0x00007ff90d2f7000 	C:\Windows\system32\USER32.dll
0x00007ff90a9e0000 - 0x00007ff90ab74000 	C:\Windows\system32\ole32.dll
0x00007ff90b860000 - 0x00007ff90cd8b000 	C:\Windows\system32\SHELL32.dll
0x00007ff909a50000 - 0x00007ff909a6e000 	C:\Windows\SYSTEM32\USERENV.dll
0x00007ff90ade0000 - 0x00007ff90ae8a000 	C:\Windows\system32\ADVAPI32.dll
0x00007ff9010a0000 - 0x00007ff9010bb000 	C:\Windows\SYSTEM32\MPR.dll
0x00007ff90b720000 - 0x00007ff90b860000 	C:\Windows\system32\RPCRT4.dll
0x00007ff90b480000 - 0x00007ff90b4d9000 	C:\Windows\SYSTEM32\sechost.dll
0x00007ff90b0a0000 - 0x00007ff90b2b2000 	C:\Windows\SYSTEM32\combase.dll
0x00007ff90af50000 - 0x00007ff90b09c000 	C:\Windows\system32\GDI32.dll
0x00007ff90a460000 - 0x00007ff90a474000 	C:\Windows\SYSTEM32\profapi.dll
0x00007ff908a80000 - 0x00007ff908b32000 	C:\Windows\SYSTEM32\SHCORE.dll
0x00007ff90b2c0000 - 0x00007ff90b2f4000 	C:\Windows\system32\IMM32.DLL
0x00007ff90b300000 - 0x00007ff90b451000 	C:\Windows\system32\MSCTF.dll
0x00007ff9085d0000 - 0x00007ff90884b000 	C:\Windows\WinSxS\amd64_microsoft.windows.common-controls_6595b64144ccf1df_6.0.9600.18006_none_623f33d3ecbe86e8\COMCTL32.dll
0x000000005f5e0000 - 0x000000005f6b2000 	C:\Program Files\Java\jdk1.8.0_181\jre\bin\msvcr100.dll
0x000000005ed30000 - 0x000000005f5d2000 	C:\Program Files\Java\jdk1.8.0_181\jre\bin\server\jvm.dll
0x00007ff901250000 - 0x00007ff901259000 	C:\Windows\SYSTEM32\WSOCK32.dll
0x00007ff906e30000 - 0x00007ff906e4f000 	C:\Windows\SYSTEM32\WINMM.dll
0x00007ff907bd0000 - 0x00007ff907bda000 	C:\Windows\SYSTEM32\VERSION.dll
0x00007ff90ce50000 - 0x00007ff90ce57000 	C:\Windows\system32\PSAPI.DLL
0x00007ff90ae90000 - 0x00007ff90aeea000 	C:\Windows\system32\WS2_32.dll
0x00007ff906d90000 - 0x00007ff906dba000 	C:\Windows\SYSTEM32\WINMMBASE.dll
0x00007ff90ce40000 - 0x00007ff90ce49000 	C:\Windows\system32\NSI.dll
0x00007ff90a530000 - 0x00007ff90a57a000 	C:\Windows\SYSTEM32\cfgmgr32.dll
0x00007ff9092d0000 - 0x00007ff9092f6000 	C:\Windows\SYSTEM32\DEVOBJ.dll
0x000000005ed20000 - 0x000000005ed2f000 	C:\Program Files\Java\jdk1.8.0_181\jre\bin\verify.dll
0x000000005ecf0000 - 0x000000005ed19000 	C:\Program Files\Java\jdk1.8.0_181\jre\bin\java.dll
0x000000005ecc0000 - 0x000000005ece3000 	C:\Program Files\Java\jdk1.8.0_181\jre\bin\instrument.dll
0x000000005eca0000 - 0x000000005ecb6000 	C:\Program Files\Java\jdk1.8.0_181\jre\bin\zip.dll
0x00007ff903010000 - 0x00007ff90302a000 	D:\IntelliJ IDEA 2018.2.3\bin\breakgen64.dll
0x000000005ec80000 - 0x000000005ec9a000 	C:\Program Files\Java\jdk1.8.0_181\jre\bin\net.dll
0x00007ff909cb0000 - 0x00007ff909d09000 	C:\Windows\system32\mswsock.dll
0x00007ff907f20000 - 0x00007ff907f23000 	C:\Program Files\Java\jdk1.8.0_181\jre\bin\api-ms-win-core-console-l1-1-0.dll
0x00007ff9034c0000 - 0x00007ff9034c3000 	C:\Program Files\Java\jdk1.8.0_181\jre\bin\api-ms-win-core-datetime-l1-1-0.dll
0x00007ff903460000 - 0x00007ff903463000 	C:\Program Files\Java\jdk1.8.0_181\jre\bin\api-ms-win-core-debug-l1-1-0.dll
0x00007ff9031f0000 - 0x00007ff9031f3000 	C:\Program Files\Java\jdk1.8.0_181\jre\bin\api-ms-win-core-errorhandling-l1-1-0.dll
0x00007ff9028a0000 - 0x00007ff9028a4000 	C:\Program Files\Java\jdk1.8.0_181\jre\bin\api-ms-win-core-file-l1-1-0.dll
0x00007ff9013d0000 - 0x00007ff9013d3000 	C:\Program Files\Java\jdk1.8.0_181\jre\bin\api-ms-win-core-file-l1-2-0.dll
0x00007ff900c40000 - 0x00007ff900c43000 	C:\Program Files\Java\jdk1.8.0_181\jre\bin\api-ms-win-core-file-l2-1-0.dll
0x00007ff8f12e0000 - 0x00007ff8f12e3000 	C:\Program Files\Java\jdk1.8.0_181\jre\bin\api-ms-win-core-handle-l1-1-0.dll
0x00007ff8f12d0000 - 0x00007ff8f12d3000 	C:\Program Files\Java\jdk1.8.0_181\jre\bin\api-ms-win-core-heap-l1-1-0.dll
0x00007ff8f1260000 - 0x00007ff8f1263000 	C:\Program Files\Java\jdk1.8.0_181\jre\bin\api-ms-win-core-interlocked-l1-1-0.dll
0x00007ff8f1210000 - 0x00007ff8f1213000 	C:\Program Files\Java\jdk1.8.0_181\jre\bin\api-ms-win-core-libraryloader-l1-1-0.dll
0x00007ff8f03d0000 - 0x00007ff8f03d3000 	C:\Program Files\Java\jdk1.8.0_181\jre\bin\api-ms-win-core-localization-l1-2-0.dll
0x00007ff8f0110000 - 0x00007ff8f0113000 	C:\Program Files\Java\jdk1.8.0_181\jre\bin\api-ms-win-core-memory-l1-1-0.dll
0x00007ff8f0040000 - 0x00007ff8f0043000 	C:\Program Files\Java\jdk1.8.0_181\jre\bin\api-ms-win-core-namedpipe-l1-1-0.dll
0x00007ff8efe30000 - 0x00007ff8efe33000 	C:\Program Files\Java\jdk1.8.0_181\jre\bin\api-ms-win-core-processenvironment-l1-1-0.dll
0x00007ff8efc80000 - 0x00007ff8efc83000 	C:\Program Files\Java\jdk1.8.0_181\jre\bin\api-ms-win-core-processthreads-l1-1-0.dll
0x00007ff8efc10000 - 0x00007ff8efc13000 	C:\Program Files\Java\jdk1.8.0_181\jre\bin\api-ms-win-core-processthreads-l1-1-1.dll
0x00007ff8efc00000 - 0x00007ff8efc03000 	C:\Program Files\Java\jdk1.8.0_181\jre\bin\api-ms-win-core-profile-l1-1-0.dll
0x00007ff8efb50000 - 0x00007ff8efb53000 	C:\Program Files\Java\jdk1.8.0_181\jre\bin\api-ms-win-core-rtlsupport-l1-1-0.dll
0x00007ff8efb40000 - 0x00007ff8efb43000 	C:\Program Files\Java\jdk1.8.0_181\jre\bin\api-ms-win-core-string-l1-1-0.dll
0x00007ff8ef9e0000 - 0x00007ff8ef9e3000 	C:\Program Files\Java\jdk1.8.0_181\jre\bin\api-ms-win-core-synch-l1-1-0.dll
0x00007ff8ef9d0000 - 0x00007ff8ef9d3000 	C:\Program Files\Java\jdk1.8.0_181\jre\bin\api-ms-win-core-synch-l1-2-0.dll
0x00007ff8ef9c0000 - 0x00007ff8ef9c3000 	C:\Program Files\Java\jdk1.8.0_181\jre\bin\api-ms-win-core-sysinfo-l1-1-0.dll
0x00007ff8ef9b0000 - 0x00007ff8ef9b3000 	C:\Program Files\Java\jdk1.8.0_181\jre\bin\api-ms-win-core-timezone-l1-1-0.dll
0x00007ff8ef9a0000 - 0x00007ff8ef9a3000 	C:\Program Files\Java\jdk1.8.0_181\jre\bin\api-ms-win-core-util-l1-1-0.dll
0x00007ff8ef990000 - 0x00007ff8ef993000 	C:\Program Files\Java\jdk1.8.0_181\jre\bin\api-ms-win-crt-conio-l1-1-0.dll
0x00007ff8ef980000 - 0x00007ff8ef984000 	C:\Program Files\Java\jdk1.8.0_181\jre\bin\api-ms-win-crt-convert-l1-1-0.dll
0x00007ff8ef910000 - 0x00007ff8ef913000 	C:\Program Files\Java\jdk1.8.0_181\jre\bin\api-ms-win-crt-environment-l1-1-0.dll
0x00007ff8ef8a0000 - 0x00007ff8ef8a3000 	C:\Program Files\Java\jdk1.8.0_181\jre\bin\api-ms-win-crt-filesystem-l1-1-0.dll
0x00007ff8ef2a0000 - 0x00007ff8ef2a3000 	C:\Program Files\Java\jdk1.8.0_181\jre\bin\api-ms-win-crt-heap-l1-1-0.dll
0x00007ff8eedd0000 - 0x00007ff8eedd3000 	C:\Program Files\Java\jdk1.8.0_181\jre\bin\api-ms-win-crt-locale-l1-1-0.dll
0x00007ff8eecc0000 - 0x00007ff8eecc5000 	C:\Program Files\Java\jdk1.8.0_181\jre\bin\api-ms-win-crt-math-l1-1-0.dll
0x00007ff8ee980000 - 0x00007ff8ee985000 	C:\Program Files\Java\jdk1.8.0_181\jre\bin\api-ms-win-crt-multibyte-l1-1-0.dll
0x00007ff8ee970000 - 0x00007ff8ee980000 	C:\Program Files\Java\jdk1.8.0_181\jre\bin\api-ms-win-crt-private-l1-1-0.dll
0x00007ff8ee960000 - 0x00007ff8ee963000 	C:\Program Files\Java\jdk1.8.0_181\jre\bin\api-ms-win-crt-process-l1-1-0.dll
0x00007ff8ee950000 - 0x00007ff8ee954000 	C:\Program Files\Java\jdk1.8.0_181\jre\bin\api-ms-win-crt-runtime-l1-1-0.dll
0x00007ff8ee940000 - 0x00007ff8ee944000 	C:\Program Files\Java\jdk1.8.0_181\jre\bin\api-ms-win-crt-stdio-l1-1-0.dll
0x00007ff8ee930000 - 0x00007ff8ee934000 	C:\Program Files\Java\jdk1.8.0_181\jre\bin\api-ms-win-crt-string-l1-1-0.dll
0x00007ff8ee920000 - 0x00007ff8ee923000 	C:\Program Files\Java\jdk1.8.0_181\jre\bin\api-ms-win-crt-time-l1-1-0.dll
0x00007ff8ee660000 - 0x00007ff8ee663000 	C:\Program Files\Java\jdk1.8.0_181\jre\bin\api-ms-win-crt-utility-l1-1-0.dll
0x00007ff8ea680000 - 0x00007ff8ea776000 	C:\Program Files\Java\jdk1.8.0_181\jre\bin\ucrtbase.dll
0x00007ff8ec9d0000 - 0x00007ff8ec9e6000 	C:\Program Files\Java\jdk1.8.0_181\jre\bin\vcruntime140.dll
0x00007ff8e5400000 - 0x00007ff8e549c000 	C:\Program Files\Java\jdk1.8.0_181\jre\bin\msvcp140.dll
0x00007ff8ebb10000 - 0x00007ff8ebb61000 	C:\Program Files\Java\jdk1.8.0_181\jre\bin\concrt140.dll
0x000000005ec50000 - 0x000000005ec73000 	C:\Program Files\Java\jdk1.8.0_181\jre\bin\prism_d3d.dll
0x00007ff8edc80000 - 0x00007ff8ede8a000 	C:\Windows\system32\d3d9.dll
0x00007ff908850000 - 0x00007ff908870000 	C:\Windows\SYSTEM32\dwmapi.dll
0x00007ff909170000 - 0x00007ff909299000 	C:\Windows\system32\uxtheme.dll
0x00007ff8bc990000 - 0x00007ff8beecd000 	C:\Windows\SYSTEM32\igdumdim64.dll
0x00007ff90d0b0000 - 0x00007ff90d176000 	C:\Windows\system32\OLEAUT32.dll
0x00007ff90b540000 - 0x00007ff90b714000 	C:\Windows\system32\SETUPAPI.dll
0x000000005ec00000 - 0x000000005ec49000 	C:\Program Files\Java\jdk1.8.0_181\jre\bin\glass.dll
0x00007ff90ad40000 - 0x00007ff90adda000 	C:\Windows\system32\COMDLG32.dll
0x00007ff908b40000 - 0x00007ff908b5c000 	C:\Program Files\Start Menu X\StartMenuXHook.dll
0x00007ff9092a0000 - 0x00007ff9092aa000 	C:\Windows\SYSTEM32\kernel.appcore.dll
0x00007ff90a2d0000 - 0x00007ff90a2da000 	C:\Windows\SYSTEM32\CRYPTBASE.dll
0x00007ff90a260000 - 0x00007ff90a2c3000 	C:\Windows\SYSTEM32\bcryptPrimitives.dll
0x00007ff906070000 - 0x00007ff906aaf000 	C:\Windows\SYSTEM32\igdusc64.dll
0x000000005ebc0000 - 0x000000005ebd4000 	C:\Program Files\Java\jdk1.8.0_181\jre\bin\javafx_font.dll
0x00007ff908c20000 - 0x00007ff908e0a000 	C:\Windows\SYSTEM32\dwrite.dll
0x00007ff90cd90000 - 0x00007ff90ce34000 	C:\Windows\SYSTEM32\clbcatq.dll
0x00007ff9047d0000 - 0x00007ff90497e000 	C:\Windows\SYSTEM32\WindowsCodecs.dll
0x00007ff909d10000 - 0x00007ff909d2e000 	C:\Windows\SYSTEM32\CRYPTSP.dll
0x00007ff909940000 - 0x00007ff909976000 	C:\Windows\system32\rsaenh.dll
0x00007ff909f50000 - 0x00007ff909f76000 	C:\Windows\SYSTEM32\bcrypt.dll
0x00007ff8eb7c0000 - 0x00007ff8eb7ee000 	C:\Program Files\Common Files\Microsoft Shared\Ink\rtscom.dll
0x000000005eba0000 - 0x000000005ebb2000 	C:\Program Files\Java\jdk1.8.0_181\jre\bin\prism_common.dll

VM Arguments:
jvm_args: -javaagent:D:\IntelliJ IDEA 2018.2.3\lib\idea_rt.jar=57939:D:\IntelliJ IDEA 2018.2.3\bin -Dfile.encoding=UTF-8 
java_command: sample.Main
java_class_path (initial): C:\Program Files\Java\jdk1.8.0_181\jre\lib\charsets.jar;C:\Program Files\Java\jdk1.8.0_181\jre\lib\deploy.jar;C:\Program Files\Java\jdk1.8.0_181\jre\lib\ext\access-bridge-64.jar;C:\Program Files\Java\jdk1.8.0_181\jre\lib\ext\cldrdata.jar;C:\Program Files\Java\jdk1.8.0_181\jre\lib\ext\dnsns.jar;C:\Program Files\Java\jdk1.8.0_181\jre\lib\ext\jaccess.jar;C:\Program Files\Java\jdk1.8.0_181\jre\lib\ext\jfxrt.jar;C:\Program Files\Java\jdk1.8.0_181\jre\lib\ext\localedata.jar;C:\Program Files\Java\jdk1.8.0_181\jre\lib\ext\nashorn.jar;C:\Program Files\Java\jdk1.8.0_181\jre\lib\ext\sunec.jar;C:\Program Files\Java\jdk1.8.0_181\jre\lib\ext\sunjce_provider.jar;C:\Program Files\Java\jdk1.8.0_181\jre\lib\ext\sunmscapi.jar;C:\Program Files\Java\jdk1.8.0_181\jre\lib\ext\sunpkcs11.jar;C:\Program Files\Java\jdk1.8.0_181\jre\lib\ext\zipfs.jar;C:\Program Files\Java\jdk1.8.0_181\jre\lib\javaws.jar;C:\Program Files\Java\jdk1.8.0_181\jre\lib\jce.jar;C:\Program Files\Java\jdk1.8.0_181\jre\lib\jfr.jar;C:\Program Files\Java\jdk1.8.0_181\jre\lib\jfxswt.jar;C:\Program Files\Java\jdk1.8.0_181\jre\lib\jsse.jar;C:\Program Files\Java\jdk1.8.0_181\jre\lib\management-agent.jar;C:\Program Files\Java\jdk1.8.0_181\jre\lib\plugin.jar;C:\Program Files\Java\jdk1.8.0_181\jre\lib\resources.jar;C:\Program Files\Java\jdk1.8.0_181\jre\lib\rt.jar;C:\Users\Admin\IdeaProjects\UIinterface\out\production\UIinterface;D:\IntelliJ IDEA 2018.2.3\lib\idea_rt.jar
Launcher Type: SUN_STANDARD

Environment Variables:
PATH=C:\Program Files (x86)\Common Files\Oracle\Java\javapath;C:\Windows\system32;C:\Windows;C:\Windows\System32\Wbem;C:\Windows\System32\WindowsPowerShell\v1.0\;C:\Program Files (x86)\NVIDIA Corporation\PhysX\Common;C:\Program Files (x86)\GtkSharp\2.12\bin;C:\Program Files\MATLAB\R2016a\runtime\win64;C:\Program Files\MATLAB\R2016a\bin;C:\Program Files\MATLAB\R2016a\polyspace\bin;C:\ProgramData\chocolatey\bin;C:\Program Files (x86)\Windows Live\Shared;C:\Program Files (x86)\Microsoft SQL Server\140\Tools\Binn\;C:\Program Files\Microsoft SQL Server\140\Tools\Binn\;C:\Program Files (x86)\Microsoft SQL Server\140\DTS\Binn\;C:\Program Files\Microsoft SQL Server\140\DTS\Binn\;C:\Program Files\Microsoft SQL Server\Client SDK\ODBC\130\Tools\Binn\;C:\Program Files (x86)\Microsoft SQL Server\Client SDK\ODBC\130\Tools\Binn\;C:\Program Files (x86)\Microsoft SQL Server\140\Tools\Binn\ManagementStudio\;C:\Program Files\Git\cmd;D:\PostgreSQL\pg11\bin;C:\RailsInstaller\Git\cmd;C:\RailsInstaller\Ruby2.3.3\bin;C:\tools\mingw64\bin
USERNAME=Admin
OS=Windows_NT
PROCESSOR_IDENTIFIER=Intel64 Family 6 Model 61 Stepping 4, GenuineIntel



---------------  S Y S T E M  ---------------

OS: Windows 8.1 , 64 bit Build 9600 (6.3.9600.17056)

CPU:total 4 (initial active 4) (2 cores per cpu, 2 threads per core) family 6 model 61 stepping 4, cmov, cx8, fxsr, mmx, sse, sse2, sse3, ssse3, sse4.1, sse4.2, popcnt, avx, avx2, aes, clmul, erms, 3dnowpref, lzcnt, ht, tsc, tscinvbit, bmi1, bmi2, adx

Memory: 4k page, physical 4091284k(182428k free), swap 8187284k(5136k free)

vm_info: Java HotSpot(TM) 64-Bit Server VM (25.181-b13) for windows-amd64 JRE (1.8.0_181-b13), built on Jul  7 2018 04:01:33 by "java_re" with MS VC++ 10.0 (VS2010)

time: Thu Nov 08 12:58:38 2018
elapsed time: 214 seconds (0d 0h 3m 34s)

