#
# There is insufficient memory for the Java Runtime Environment to continue.
# Native memory allocation (malloc) failed to allocate 326656 bytes for Chunk::new
# Possible reasons:
#   The system is out of physical RAM or swap space
#   In 32 bit mode, the process size limit was hit
# Possible solutions:
#   Reduce memory load on the system
#   Increase physical memory or swap space
#   Check if swap backing store is full
#   Use 64 bit Java on a 64 bit OS
#   Decrease Java heap size (-Xmx/-Xms)
#   Decrease number of Java threads
#   Decrease Java thread stack sizes (-Xss)
#   Set larger code cache with -XX:ReservedCodeCacheSize=
# This output file may be truncated or incomplete.
#
#  Out of Memory Error (allocation.cpp:390), pid=8508, tid=0x00000000000000bc
#
# JRE version: Java(TM) SE Runtime Environment (8.0_181-b13) (build 1.8.0_181-b13)
# Java VM: Java HotSpot(TM) 64-Bit Server VM (25.181-b13 mixed mode windows-amd64 compressed oops)
# Failed to write core dump. Minidumps are not enabled by default on client versions of Windows
#

---------------  T H R E A D  ---------------

Current thread (0x00000000146ad000):  JavaThread "C2 CompilerThread0" daemon [_thread_in_native, id=188, stack(0x00000000161b0000,0x00000000162b0000)]

Stack: [0x00000000161b0000,0x00000000162b0000]
[error occurred during error reporting (printing stack bounds), id 0xc0000005]

Native frames: (J=compiled Java code, j=interpreted, Vv=VM code, C=native code)


Current CompileTask:
C2:  24893 1071   !   4       sun.misc.URLClassPath$JarLoader::getResource (85 bytes)


---------------  P R O C E S S  ---------------

Java Threads: ( => current thread )
  0x0000000015eb3000 JavaThread "JavaFX-Launcher" [_thread_blocked, id=768, stack(0x0000000018f90000,0x0000000019090000)]
  0x0000000015ef4000 JavaThread "Thread-2" daemon [_thread_in_native, id=10068, stack(0x0000000018e90000,0x0000000018f90000)]
  0x0000000015d5b800 JavaThread "JavaFX Application Thread" [_thread_in_native, id=4048, stack(0x0000000017570000,0x0000000017670000)]
  0x0000000015d5a800 JavaThread "Thread-1" daemon [_thread_blocked, id=8012, stack(0x0000000017470000,0x0000000017570000)]
  0x0000000015d39000 JavaThread "QuantumRenderer-0" daemon [_thread_blocked, id=10384, stack(0x0000000016eb0000,0x0000000016fb0000)]
  0x000000001469e000 JavaThread "Service Thread" daemon [_thread_blocked, id=9488, stack(0x00000000164b0000,0x00000000165b0000)]
  0x0000000015d00000 JavaThread "C1 CompilerThread2" daemon [_thread_blocked, id=9028, stack(0x00000000163b0000,0x00000000164b0000)]
  0x000000001469d000 JavaThread "C2 CompilerThread1" daemon [_thread_blocked, id=2276, stack(0x00000000162b0000,0x00000000163b0000)]
=>0x00000000146ad000 JavaThread "C2 CompilerThread0" daemon [_thread_in_native, id=188, stack(0x00000000161b0000,0x00000000162b0000)]
  0x000000001468d000 JavaThread "Monitor Ctrl-Break" daemon [_thread_in_native, id=3680, stack(0x00000000160b0000,0x00000000161b0000)]
  0x0000000014657800 JavaThread "Attach Listener" daemon [_thread_blocked, id=11084, stack(0x0000000015bb0000,0x0000000015cb0000)]
  0x0000000014656000 JavaThread "Signal Dispatcher" daemon [_thread_blocked, id=4476, stack(0x0000000015ab0000,0x0000000015bb0000)]
  0x0000000014639000 JavaThread "Finalizer" daemon [_thread_blocked, id=5504, stack(0x00000000158c0000,0x00000000159c0000)]
  0x0000000002054000 JavaThread "Reference Handler" daemon [_thread_blocked, id=5452, stack(0x00000000157c0000,0x00000000158c0000)]
  0x0000000001f63000 JavaThread "main" [_thread_blocked, id=11036, stack(0x0000000001c60000,0x0000000001d60000)]

Other Threads:
  0x0000000014618000 VMThread [stack: 0x00000000156c0000,0x00000000157c0000] [id=5384]
  0x0000000015d88000 WatcherThread [stack: 0x00000000165b0000,0x00000000166b0000] [id=4868]

VM state:not at safepoint (normal execution)

VM Mutex/Monitor currently owned by a thread: None

Heap:
 PSYoungGen      total 18944K, used 4211K [0x00000000eb300000, 0x00000000ec800000, 0x0000000100000000)
  eden space 16384K, 10% used [0x00000000eb300000,0x00000000eb4a4ea0,0x00000000ec300000)
  from space 2560K, 98% used [0x00000000ec580000,0x00000000ec7f8040,0x00000000ec800000)
  to   space 2560K, 0% used [0x00000000ec300000,0x00000000ec300000,0x00000000ec580000)
 ParOldGen       total 44032K, used 1680K [0x00000000c1800000, 0x00000000c4300000, 0x00000000eb300000)
  object space 44032K, 3% used [0x00000000c1800000,0x00000000c19a4010,0x00000000c4300000)
 Metaspace       used 13568K, capacity 14174K, committed 14336K, reserved 1060864K
  class space    used 1820K, capacity 1980K, committed 2048K, reserved 1048576K

Card table byte_map: [0x0000000011420000,0x0000000011620000] byte_map_base: 0x0000000010e14000

Marking Bits: (ParMarkBitMap*) 0x000000005f552d00
 Begin Bits: [0x0000000011b70000, 0x0000000012b10000)
 End Bits:   [0x0000000012b10000, 0x0000000013ab0000)

Polling page: 0x00000000002a0000

CodeCache: size=245760Kb used=4267Kb max_used=4279Kb free=241492Kb
 bounds [0x0000000002060000, 0x00000000024a0000, 0x0000000011060000]
 total_blobs=1680 nmethods=1192 adapters=400
 compilation: enabled

Compilation events (10 events):
Event: 24.688 Thread 0x000000001469d000 nmethod 1167 0x0000000002484190 code [0x0000000002484300, 0x00000000024846b8]
Event: 24.688 Thread 0x000000001469d000 1168       4       java.lang.Class::reflectionData (49 bytes)
Event: 24.689 Thread 0x0000000015d00000 nmethod 1173 0x000000000247d950 code [0x000000000247dc00, 0x000000000247ef18]
Event: 24.689 Thread 0x0000000015d00000 1171       3       javafx.collections.ObservableListBase::<init> (17 bytes)
Event: 24.689 Thread 0x0000000015d00000 nmethod 1171 0x000000000247d250 code [0x000000000247d3e0, 0x000000000247d790]
Event: 24.689 Thread 0x0000000015d00000 1172       3       javafx.collections.ListChangeBuilder::<init> (10 bytes)
Event: 24.689 Thread 0x0000000015d00000 nmethod 1172 0x000000000247ce90 code [0x000000000247cfe0, 0x000000000247d1b0]
Event: 24.689 Thread 0x0000000015d00000 1174       3       javafx.scene.Node$TreeVisiblePropertyReadOnly::get (13 bytes)
Event: 24.689 Thread 0x0000000015d00000 nmethod 1174 0x000000000247cb10 code [0x000000000247cc60, 0x000000000247cdd0]
Event: 24.690 Thread 0x000000001469d000 nmethod 1168 0x0000000002487690 code [0x00000000024877e0, 0x0000000002487928]

GC Heap History (2 events):
Event: 19.575 GC heap before
{Heap before GC invocations=1 (full 0):
 PSYoungGen      total 18944K, used 16384K [0x00000000eb300000, 0x00000000ec800000, 0x0000000100000000)
  eden space 16384K, 100% used [0x00000000eb300000,0x00000000ec300000,0x00000000ec300000)
  from space 2560K, 0% used [0x00000000ec580000,0x00000000ec580000,0x00000000ec800000)
  to   space 2560K, 0% used [0x00000000ec300000,0x00000000ec300000,0x00000000ec580000)
 ParOldGen       total 44032K, used 0K [0x00000000c1800000, 0x00000000c4300000, 0x00000000eb300000)
  object space 44032K, 0% used [0x00000000c1800000,0x00000000c1800000,0x00000000c4300000)
 Metaspace       used 8876K, capacity 9232K, committed 9472K, reserved 1056768K
  class space    used 1079K, capacity 1196K, committed 1280K, reserved 1048576K
Event: 19.578 GC heap after
Heap after GC invocations=1 (full 0):
 PSYoungGen      total 18944K, used 1824K [0x00000000eb300000, 0x00000000ec800000, 0x0000000100000000)
  eden space 16384K, 0% used [0x00000000eb300000,0x00000000eb300000,0x00000000ec300000)
  from space 2560K, 71% used [0x00000000ec300000,0x00000000ec4c8040,0x00000000ec580000)
  to   space 2560K, 0% used [0x00000000ec580000,0x00000000ec580000,0x00000000ec800000)
 ParOldGen       total 44032K, used 72K [0x00000000c1800000, 0x00000000c4300000, 0x00000000eb300000)
  object space 44032K, 0% used [0x00000000c1800000,0x00000000c1812010,0x00000000c4300000)
 Metaspace       used 8876K, capacity 9232K, committed 9472K, reserved 1056768K
  class space    used 1079K, capacity 1196K, committed 1280K, reserved 1048576K
}

Deoptimization events (6 events):
Event: 9.673 Thread 0x0000000001f63000 Uncommon trap: reason=null_check action=make_not_entrant pc=0x0000000002181768 method=java.lang.String.equals(Ljava/lang/Object;)Z @ 8
Event: 15.797 Thread 0x0000000015d5b800 Uncommon trap: reason=unstable_if action=reinterpret pc=0x000000000221008c method=java.lang.String.replace(CC)Ljava/lang/String; @ 26
Event: 20.655 Thread 0x0000000015d5b800 Uncommon trap: reason=unstable_if action=reinterpret pc=0x000000000224c070 method=java.lang.String.indexOf([CII[CIII)I @ 134
Event: 23.206 Thread 0x0000000015d5b800 Uncommon trap: reason=unstable_if action=reinterpret pc=0x000000000230c81c method=java.util.HashMap.getNode(ILjava/lang/Object;)Ljava/util/HashMap$Node; @ 84
Event: 23.206 Thread 0x0000000015d5b800 Uncommon trap: reason=unstable_if action=reinterpret pc=0x00000000022e7a90 method=java.util.HashMap.getNode(ILjava/lang/Object;)Ljava/util/HashMap$Node; @ 84
Event: 24.389 Thread 0x0000000015d5b800 Uncommon trap: reason=range_check action=make_not_entrant pc=0x0000000002351820 method=sun.reflect.generics.parser.SignatureParser.current()C @ 34

Classes redefined (0 events):
No events

Internal exceptions (10 events):
Event: 24.532 Thread 0x0000000015d5b800 Exception <a 'java/io/FileNotFoundException'> (0x00000000ebec3ea0) thrown at [C:\re\workspace\8-2-build-windows-amd64-cygwin\jdk8u181\11358\hotspot\src\share\vm\prims\jni.cpp, line 709]
Event: 24.605 Thread 0x0000000015d5b800 Exception <a 'java/io/FileNotFoundException'> (0x00000000ebf36928) thrown at [C:\re\workspace\8-2-build-windows-amd64-cygwin\jdk8u181\11358\hotspot\src\share\vm\prims\jni.cpp, line 709]
Event: 24.617 Thread 0x0000000015d5b800 Exception <a 'java/io/FileNotFoundException'> (0x00000000ebf97318) thrown at [C:\re\workspace\8-2-build-windows-amd64-cygwin\jdk8u181\11358\hotspot\src\share\vm\prims\jni.cpp, line 709]
Event: 24.627 Thread 0x0000000015d5b800 Exception <a 'java/io/FileNotFoundException'> (0x00000000ec001278) thrown at [C:\re\workspace\8-2-build-windows-amd64-cygwin\jdk8u181\11358\hotspot\src\share\vm\prims\jni.cpp, line 709]
Event: 24.641 Thread 0x0000000015d5b800 Exception <a 'java/io/FileNotFoundException'> (0x00000000ec0621f0) thrown at [C:\re\workspace\8-2-build-windows-amd64-cygwin\jdk8u181\11358\hotspot\src\share\vm\prims\jni.cpp, line 709]
Event: 24.650 Thread 0x0000000015d5b800 Exception <a 'java/io/FileNotFoundException'> (0x00000000ec0bdf40) thrown at [C:\re\workspace\8-2-build-windows-amd64-cygwin\jdk8u181\11358\hotspot\src\share\vm\prims\jni.cpp, line 709]
Event: 24.660 Thread 0x0000000015d5b800 Exception <a 'java/io/FileNotFoundException'> (0x00000000ec1174e8) thrown at [C:\re\workspace\8-2-build-windows-amd64-cygwin\jdk8u181\11358\hotspot\src\share\vm\prims\jni.cpp, line 709]
Event: 24.668 Thread 0x0000000015d5b800 Exception <a 'java/io/FileNotFoundException'> (0x00000000ec16de68) thrown at [C:\re\workspace\8-2-build-windows-amd64-cygwin\jdk8u181\11358\hotspot\src\share\vm\prims\jni.cpp, line 709]
Event: 24.676 Thread 0x0000000015d5b800 Exception <a 'java/io/FileNotFoundException'> (0x00000000ec1c4738) thrown at [C:\re\workspace\8-2-build-windows-amd64-cygwin\jdk8u181\11358\hotspot\src\share\vm\prims\jni.cpp, line 709]
Event: 24.683 Thread 0x0000000015d5b800 Exception <a 'java/io/FileNotFoundException'> (0x00000000ec21ce60) thrown at [C:\re\workspace\8-2-build-windows-amd64-cygwin\jdk8u181\11358\hotspot\src\share\vm\prims\jni.cpp, line 709]

Events (10 events):
Event: 24.692 loading class com/sun/javafx/tk/TKSceneListener
Event: 24.692 loading class com/sun/javafx/tk/TKSceneListener done
Event: 24.692 loading class com/sun/javafx/tk/TKScenePaintListener
Event: 24.692 loading class com/sun/javafx/tk/TKScenePaintListener done
Event: 24.692 loading class com/sun/javafx/tk/TKDropTargetListener
Event: 24.692 loading class com/sun/javafx/tk/TKDropTargetListener done
Event: 24.692 loading class javafx/scene/Camera
Event: 24.692 loading class javafx/scene/Camera done
Event: 24.692 loading class javafx/scene/ParallelCamera
Event: 24.692 loading class javafx/scene/ParallelCamera done


Dynamic libraries:
0x00007ff6548f0000 - 0x00007ff654927000 	C:\Program Files\Java\jdk1.8.0_181\bin\java.exe
0x00007ff90d300000 - 0x00007ff90d4ad000 	C:\Windows\SYSTEM32\ntdll.dll
0x00007ff90ce60000 - 0x00007ff90cf9a000 	C:\Windows\system32\KERNEL32.DLL
0x00007ff90a8a0000 - 0x00007ff90a9b6000 	C:\Windows\system32\KERNELBASE.dll
0x00007ff909050000 - 0x00007ff9090de000 	C:\Windows\system32\apphelp.dll
0x00007ff9035f0000 - 0x00007ff903644000 	C:\Windows\AppPatch\AppPatch64\AcGenral.DLL
0x00007ff90cfa0000 - 0x00007ff90d047000 	C:\Windows\system32\msvcrt.dll
0x00007ff90a630000 - 0x00007ff90a65e000 	C:\Windows\system32\SspiCli.dll
0x00007ff90b4e0000 - 0x00007ff90b531000 	C:\Windows\system32\SHLWAPI.dll
0x00007ff90d180000 - 0x00007ff90d2f7000 	C:\Windows\system32\USER32.dll
0x00007ff90a9e0000 - 0x00007ff90ab74000 	C:\Windows\system32\ole32.dll
0x00007ff90b860000 - 0x00007ff90cd8b000 	C:\Windows\system32\SHELL32.dll
0x00007ff909a50000 - 0x00007ff909a6e000 	C:\Windows\SYSTEM32\USERENV.dll
0x00007ff90ade0000 - 0x00007ff90ae8a000 	C:\Windows\system32\ADVAPI32.dll
0x00007ff9010a0000 - 0x00007ff9010bb000 	C:\Windows\SYSTEM32\MPR.dll
0x00007ff90b720000 - 0x00007ff90b860000 	C:\Windows\system32\RPCRT4.dll
0x00007ff90b480000 - 0x00007ff90b4d9000 	C:\Windows\SYSTEM32\sechost.dll
0x00007ff90b0a0000 - 0x00007ff90b2b2000 	C:\Windows\SYSTEM32\combase.dll
0x00007ff90af50000 - 0x00007ff90b09c000 	C:\Windows\system32\GDI32.dll
0x00007ff90a460000 - 0x00007ff90a474000 	C:\Windows\SYSTEM32\profapi.dll
0x00007ff908a80000 - 0x00007ff908b32000 	C:\Windows\SYSTEM32\SHCORE.dll
0x00007ff90b2c0000 - 0x00007ff90b2f4000 	C:\Windows\system32\IMM32.DLL
0x00007ff90b300000 - 0x00007ff90b451000 	C:\Windows\system32\MSCTF.dll
0x00007ff9085d0000 - 0x00007ff90884b000 	C:\Windows\WinSxS\amd64_microsoft.windows.common-controls_6595b64144ccf1df_6.0.9600.18006_none_623f33d3ecbe86e8\COMCTL32.dll
0x000000005f5e0000 - 0x000000005f6b2000 	C:\Program Files\Java\jdk1.8.0_181\jre\bin\msvcr100.dll
0x000000005ed30000 - 0x000000005f5d2000 	C:\Program Files\Java\jdk1.8.0_181\jre\bin\server\jvm.dll
0x00007ff901250000 - 0x00007ff901259000 	C:\Windows\SYSTEM32\WSOCK32.dll
0x00007ff906e30000 - 0x00007ff906e4f000 	C:\Windows\SYSTEM32\WINMM.dll
0x00007ff907bd0000 - 0x00007ff907bda000 	C:\Windows\SYSTEM32\VERSION.dll
0x00007ff90ce50000 - 0x00007ff90ce57000 	C:\Windows\system32\PSAPI.DLL
0x00007ff90ae90000 - 0x00007ff90aeea000 	C:\Windows\system32\WS2_32.dll
0x00007ff906d90000 - 0x00007ff906dba000 	C:\Windows\SYSTEM32\WINMMBASE.dll
0x00007ff90ce40000 - 0x00007ff90ce49000 	C:\Windows\system32\NSI.dll
0x00007ff90a530000 - 0x00007ff90a57a000 	C:\Windows\SYSTEM32\cfgmgr32.dll
0x00007ff9092d0000 - 0x00007ff9092f6000 	C:\Windows\SYSTEM32\DEVOBJ.dll
0x000000005ed20000 - 0x000000005ed2f000 	C:\Program Files\Java\jdk1.8.0_181\jre\bin\verify.dll
0x000000005ecf0000 - 0x000000005ed19000 	C:\Program Files\Java\jdk1.8.0_181\jre\bin\java.dll
0x000000005ecc0000 - 0x000000005ece3000 	C:\Program Files\Java\jdk1.8.0_181\jre\bin\instrument.dll
0x000000005eca0000 - 0x000000005ecb6000 	C:\Program Files\Java\jdk1.8.0_181\jre\bin\zip.dll
0x00007ff903010000 - 0x00007ff90302a000 	D:\IntelliJ IDEA 2018.2.3\bin\breakgen64.dll
0x000000005ec80000 - 0x000000005ec9a000 	C:\Program Files\Java\jdk1.8.0_181\jre\bin\net.dll
0x00007ff909cb0000 - 0x00007ff909d09000 	C:\Windows\system32\mswsock.dll
0x00007ff907f20000 - 0x00007ff907f23000 	C:\Program Files\Java\jdk1.8.0_181\jre\bin\api-ms-win-core-console-l1-1-0.dll
0x00007ff9034c0000 - 0x00007ff9034c3000 	C:\Program Files\Java\jdk1.8.0_181\jre\bin\api-ms-win-core-datetime-l1-1-0.dll
0x00007ff903460000 - 0x00007ff903463000 	C:\Program Files\Java\jdk1.8.0_181\jre\bin\api-ms-win-core-debug-l1-1-0.dll
0x00007ff9031f0000 - 0x00007ff9031f3000 	C:\Program Files\Java\jdk1.8.0_181\jre\bin\api-ms-win-core-errorhandling-l1-1-0.dll
0x00007ff9028a0000 - 0x00007ff9028a4000 	C:\Program Files\Java\jdk1.8.0_181\jre\bin\api-ms-win-core-file-l1-1-0.dll
0x00007ff9013d0000 - 0x00007ff9013d3000 	C:\Program Files\Java\jdk1.8.0_181\jre\bin\api-ms-win-core-file-l1-2-0.dll
0x00007ff900c40000 - 0x00007ff900c43000 	C:\Program Files\Java\jdk1.8.0_181\jre\bin\api-ms-win-core-file-l2-1-0.dll
0x00007ff8f12e0000 - 0x00007ff8f12e3000 	C:\Program Files\Java\jdk1.8.0_181\jre\bin\api-ms-win-core-handle-l1-1-0.dll
0x00007ff8f12d0000 - 0x00007ff8f12d3000 	C:\Program Files\Java\jdk1.8.0_181\jre\bin\api-ms-win-core-heap-l1-1-0.dll
0x00007ff8f1260000 - 0x00007ff8f1263000 	C:\Program Files\Java\jdk1.8.0_181\jre\bin\api-ms-win-core-interlocked-l1-1-0.dll
0x00007ff8f1210000 - 0x00007ff8f1213000 	C:\Program Files\Java\jdk1.8.0_181\jre\bin\api-ms-win-core-libraryloader-l1-1-0.dll
0x00007ff8f03d0000 - 0x00007ff8f03d3000 	C:\Program Files\Java\jdk1.8.0_181\jre\bin\api-ms-win-core-localization-l1-2-0.dll
0x00007ff8f0110000 - 0x00007ff8f0113000 	C:\Program Files\Java\jdk1.8.0_181\jre\bin\api-ms-win-core-memory-l1-1-0.dll
0x00007ff8f0040000 - 0x00007ff8f0043000 	C:\Program Files\Java\jdk1.8.0_181\jre\bin\api-ms-win-core-namedpipe-l1-1-0.dll
0x00007ff8efe30000 - 0x00007ff8efe33000 	C:\Program Files\Java\jdk1.8.0_181\jre\bin\api-ms-win-core-processenvironment-l1-1-0.dll
0x00007ff8efc80000 - 0x00007ff8efc83000 	C:\Program Files\Java\jdk1.8.0_181\jre\bin\api-ms-win-core-processthreads-l1-1-0.dll
0x00007ff8efc10000 - 0x00007ff8efc13000 	C:\Program Files\Java\jdk1.8.0_181\jre\bin\api-ms-win-core-processthreads-l1-1-1.dll
0x00007ff8efc00000 - 0x00007ff8efc03000 	C:\Program Files\Java\jdk1.8.0_181\jre\bin\api-ms-win-core-profile-l1-1-0.dll
0x00007ff8efb50000 - 0x00007ff8efb53000 	C:\Program Files\Java\jdk1.8.0_181\jre\bin\api-ms-win-core-rtlsupport-l1-1-0.dll
0x00007ff8efb40000 - 0x00007ff8efb43000 	C:\Program Files\Java\jdk1.8.0_181\jre\bin\api-ms-win-core-string-l1-1-0.dll
0x00007ff8ef9e0000 - 0x00007ff8ef9e3000 	C:\Program Files\Java\jdk1.8.0_181\jre\bin\api-ms-win-core-synch-l1-1-0.dll
0x00007ff8ef9d0000 - 0x00007ff8ef9d3000 	C:\Program Files\Java\jdk1.8.0_181\jre\bin\api-ms-win-core-synch-l1-2-0.dll
0x00007ff8ef9c0000 - 0x00007ff8ef9c3000 	C:\Program Files\Java\jdk1.8.0_181\jre\bin\api-ms-win-core-sysinfo-l1-1-0.dll
0x00007ff8ef9b0000 - 0x00007ff8ef9b3000 	C:\Program Files\Java\jdk1.8.0_181\jre\bin\api-ms-win-core-timezone-l1-1-0.dll
0x00007ff8ef9a0000 - 0x00007ff8ef9a3000 	C:\Program Files\Java\jdk1.8.0_181\jre\bin\api-ms-win-core-util-l1-1-0.dll
0x00007ff8ef990000 - 0x00007ff8ef993000 	C:\Program Files\Java\jdk1.8.0_181\jre\bin\api-ms-win-crt-conio-l1-1-0.dll
0x00007ff8ef980000 - 0x00007ff8ef984000 	C:\Program Files\Java\jdk1.8.0_181\jre\bin\api-ms-win-crt-convert-l1-1-0.dll
0x00007ff8ef910000 - 0x00007ff8ef913000 	C:\Program Files\Java\jdk1.8.0_181\jre\bin\api-ms-win-crt-environment-l1-1-0.dll
0x00007ff8ef8a0000 - 0x00007ff8ef8a3000 	C:\Program Files\Java\jdk1.8.0_181\jre\bin\api-ms-win-crt-filesystem-l1-1-0.dll
0x00007ff8ef2a0000 - 0x00007ff8ef2a3000 	C:\Program Files\Java\jdk1.8.0_181\jre\bin\api-ms-win-crt-heap-l1-1-0.dll
0x00007ff8eedd0000 - 0x00007ff8eedd3000 	C:\Program Files\Java\jdk1.8.0_181\jre\bin\api-ms-win-crt-locale-l1-1-0.dll
0x00007ff8eecc0000 - 0x00007ff8eecc5000 	C:\Program Files\Java\jdk1.8.0_181\jre\bin\api-ms-win-crt-math-l1-1-0.dll
0x00007ff8ee980000 - 0x00007ff8ee985000 	C:\Program Files\Java\jdk1.8.0_181\jre\bin\api-ms-win-crt-multibyte-l1-1-0.dll
0x00007ff8ee970000 - 0x00007ff8ee980000 	C:\Program Files\Java\jdk1.8.0_181\jre\bin\api-ms-win-crt-private-l1-1-0.dll
0x00007ff8ee960000 - 0x00007ff8ee963000 	C:\Program Files\Java\jdk1.8.0_181\jre\bin\api-ms-win-crt-process-l1-1-0.dll
0x00007ff8ee950000 - 0x00007ff8ee954000 	C:\Program Files\Java\jdk1.8.0_181\jre\bin\api-ms-win-crt-runtime-l1-1-0.dll
0x00007ff8ee940000 - 0x00007ff8ee944000 	C:\Program Files\Java\jdk1.8.0_181\jre\bin\api-ms-win-crt-stdio-l1-1-0.dll
0x00007ff8ee930000 - 0x00007ff8ee934000 	C:\Program Files\Java\jdk1.8.0_181\jre\bin\api-ms-win-crt-string-l1-1-0.dll
0x00007ff8ee920000 - 0x00007ff8ee923000 	C:\Program Files\Java\jdk1.8.0_181\jre\bin\api-ms-win-crt-time-l1-1-0.dll
0x00007ff8ee660000 - 0x00007ff8ee663000 	C:\Program Files\Java\jdk1.8.0_181\jre\bin\api-ms-win-crt-utility-l1-1-0.dll
0x00007ff8ea680000 - 0x00007ff8ea776000 	C:\Program Files\Java\jdk1.8.0_181\jre\bin\ucrtbase.dll
0x00007ff8ec9d0000 - 0x00007ff8ec9e6000 	C:\Program Files\Java\jdk1.8.0_181\jre\bin\vcruntime140.dll
0x00007ff8e5400000 - 0x00007ff8e549c000 	C:\Program Files\Java\jdk1.8.0_181\jre\bin\msvcp140.dll
0x00007ff8ebb10000 - 0x00007ff8ebb61000 	C:\Program Files\Java\jdk1.8.0_181\jre\bin\concrt140.dll
0x000000005ec50000 - 0x000000005ec73000 	C:\Program Files\Java\jdk1.8.0_181\jre\bin\prism_d3d.dll
0x00007ff8edc80000 - 0x00007ff8ede8a000 	C:\Windows\system32\d3d9.dll
0x00007ff908850000 - 0x00007ff908870000 	C:\Windows\SYSTEM32\dwmapi.dll
0x00007ff909170000 - 0x00007ff909299000 	C:\Windows\system32\uxtheme.dll
0x00007ff8bc990000 - 0x00007ff8beecd000 	C:\Windows\SYSTEM32\igdumdim64.dll
0x00007ff90d0b0000 - 0x00007ff90d176000 	C:\Windows\system32\OLEAUT32.dll
0x00007ff90b540000 - 0x00007ff90b714000 	C:\Windows\system32\SETUPAPI.dll
0x000000005ec00000 - 0x000000005ec49000 	C:\Program Files\Java\jdk1.8.0_181\jre\bin\glass.dll
0x00007ff90ad40000 - 0x00007ff90adda000 	C:\Windows\system32\COMDLG32.dll
0x00007ff908b40000 - 0x00007ff908b5c000 	C:\Program Files\Start Menu X\StartMenuXHook.dll
0x00007ff9092a0000 - 0x00007ff9092aa000 	C:\Windows\SYSTEM32\kernel.appcore.dll
0x00007ff90a2d0000 - 0x00007ff90a2da000 	C:\Windows\SYSTEM32\CRYPTBASE.dll
0x00007ff90a260000 - 0x00007ff90a2c3000 	C:\Windows\SYSTEM32\bcryptPrimitives.dll
0x00007ff906070000 - 0x00007ff906aaf000 	C:\Windows\SYSTEM32\igdusc64.dll
0x000000005ebc0000 - 0x000000005ebd4000 	C:\Program Files\Java\jdk1.8.0_181\jre\bin\javafx_font.dll
0x00007ff908c20000 - 0x00007ff908e0a000 	C:\Windows\SYSTEM32\dwrite.dll

VM Arguments:
jvm_args: -javaagent:D:\IntelliJ IDEA 2018.2.3\lib\idea_rt.jar=58077:D:\IntelliJ IDEA 2018.2.3\bin -Dfile.encoding=UTF-8 
java_command: sample.Main
java_class_path (initial): C:\Program Files\Java\jdk1.8.0_181\jre\lib\charsets.jar;C:\Program Files\Java\jdk1.8.0_181\jre\lib\deploy.jar;C:\Program Files\Java\jdk1.8.0_181\jre\lib\ext\access-bridge-64.jar;C:\Program Files\Java\jdk1.8.0_181\jre\lib\ext\cldrdata.jar;C:\Program Files\Java\jdk1.8.0_181\jre\lib\ext\dnsns.jar;C:\Program Files\Java\jdk1.8.0_181\jre\lib\ext\jaccess.jar;C:\Program Files\Java\jdk1.8.0_181\jre\lib\ext\jfxrt.jar;C:\Program Files\Java\jdk1.8.0_181\jre\lib\ext\localedata.jar;C:\Program Files\Java\jdk1.8.0_181\jre\lib\ext\nashorn.jar;C:\Program Files\Java\jdk1.8.0_181\jre\lib\ext\sunec.jar;C:\Program Files\Java\jdk1.8.0_181\jre\lib\ext\sunjce_provider.jar;C:\Program Files\Java\jdk1.8.0_181\jre\lib\ext\sunmscapi.jar;C:\Program Files\Java\jdk1.8.0_181\jre\lib\ext\sunpkcs11.jar;C:\Program Files\Java\jdk1.8.0_181\jre\lib\ext\zipfs.jar;C:\Program Files\Java\jdk1.8.0_181\jre\lib\javaws.jar;C:\Program Files\Java\jdk1.8.0_181\jre\lib\jce.jar;C:\Program Files\Java\jdk1.8.0_181\jre\lib\jfr.jar;C:\Program Files\Java\jdk1.8.0_181\jre\lib\jfxswt.jar;C:\Program Files\Java\jdk1.8.0_181\jre\lib\jsse.jar;C:\Program Files\Java\jdk1.8.0_181\jre\lib\management-agent.jar;C:\Program Files\Java\jdk1.8.0_181\jre\lib\plugin.jar;C:\Program Files\Java\jdk1.8.0_181\jre\lib\resources.jar;C:\Program Files\Java\jdk1.8.0_181\jre\lib\rt.jar;C:\Users\Admin\IdeaProjects\UIinterface\out\production\UIinterface;D:\IntelliJ IDEA 2018.2.3\lib\idea_rt.jar
Launcher Type: SUN_STANDARD

Environment Variables:
PATH=C:\Program Files (x86)\Common Files\Oracle\Java\javapath;C:\Windows\system32;C:\Windows;C:\Windows\System32\Wbem;C:\Windows\System32\WindowsPowerShell\v1.0\;C:\Program Files (x86)\NVIDIA Corporation\PhysX\Common;C:\Program Files (x86)\GtkSharp\2.12\bin;C:\Program Files\MATLAB\R2016a\runtime\win64;C:\Program Files\MATLAB\R2016a\bin;C:\Program Files\MATLAB\R2016a\polyspace\bin;C:\ProgramData\chocolatey\bin;C:\Program Files (x86)\Windows Live\Shared;C:\Program Files (x86)\Microsoft SQL Server\140\Tools\Binn\;C:\Program Files\Microsoft SQL Server\140\Tools\Binn\;C:\Program Files (x86)\Microsoft SQL Server\140\DTS\Binn\;C:\Program Files\Microsoft SQL Server\140\DTS\Binn\;C:\Program Files\Microsoft SQL Server\Client SDK\ODBC\130\Tools\Binn\;C:\Program Files (x86)\Microsoft SQL Server\Client SDK\ODBC\130\Tools\Binn\;C:\Program Files (x86)\Microsoft SQL Server\140\Tools\Binn\ManagementStudio\;C:\Program Files\Git\cmd;D:\PostgreSQL\pg11\bin;C:\RailsInstaller\Git\cmd;C:\RailsInstaller\Ruby2.3.3\bin;C:\tools\mingw64\bin
USERNAME=Admin
OS=Windows_NT
PROCESSOR_IDENTIFIER=Intel64 Family 6 Model 61 Stepping 4, GenuineIntel



---------------  S Y S T E M  ---------------

OS: Windows 8.1 , 64 bit Build 9600 (6.3.9600.17056)

CPU:total 4 (initial active 4) (2 cores per cpu, 2 threads per core) family 6 model 61 stepping 4, cmov, cx8, fxsr, mmx, sse, sse2, sse3, ssse3, sse4.1, sse4.2, popcnt, avx, avx2, aes, clmul, erms, 3dnowpref, lzcnt, ht, tsc, tscinvbit, bmi1, bmi2, adx

Memory: 4k page, physical 4091284k(277080k free), swap 8187284k(5012k free)

vm_info: Java HotSpot(TM) 64-Bit Server VM (25.181-b13) for windows-amd64 JRE (1.8.0_181-b13), built on Jul  7 2018 04:01:33 by "java_re" with MS VC++ 10.0 (VS2010)

time: Thu Nov 08 13:19:22 2018
elapsed time: 25 seconds (0d 0h 0m 25s)

